
XX0XX de XX0XX (19:51)>ATTACH PORT=0 KTYP=HTTPD DEVICE=80
Port 0 Attached.
XX0XX de XX0XX (19:51)>ATTACH PORT=1 KTYP=TELNET DEVICE=23
Port 1 Attached.
XX0XX de XX0XX (19:51)>ATTACH PORT=2 KTYP=IRC DEVICE=16667
Port 2 Attached.
XX0XX de XX0XX (19:51)>PORT 0 NAME=Port0 HTTPD  MODE=1200 TXD=25 MAX=2 DAMA= 0 CTEXT=0 SYSOP=0 MH=0 MAXCON=0 EAXMAXF=16 EAXMODE=1 PERS=160a SLOT=25a IRTT=530a T2=240a RETRY=20a
Test:XX0XX> Link-Interface Ports:
-#-Name----------Speed/Mode-Max-TXD-PAC-PERS-SLOT-IRTT---T2----T3--RET-DA-C-S-M
 0 Port0          1200       2   25 128 160a  25a 530a 240a 18000  20a         
XX0XX de XX0XX (19:51)>PORT 0 PACLEN=128 T3=18000 IPACLEN=128 IRETRY=3 L2TIME=120 L2RETRY=3 L4AUTO=0
Test:XX0XX> Link-Interface Ports:
-#-Name----------Speed/Mode-Max-TXD-PAC-PERS-SLOT-IRTT---T2----T3--RET-DA-C-S-M
 0 Port0          1200       2   25 128 160a  25a 530a 240a 18000  20a         
XX0XX de XX0XX (19:51)>PORT 1 NAME=Port1 TELNET MODE=1200 TXD=25 MAX=2 DAMA= 0 CTEXT=0 SYSOP=0 MH=0 MAXCON=0 EAXMAXF=16 EAXMODE=1 PERS=160a SLOT=25a IRTT=530a T2=240a RETRY=20a
Test:XX0XX> Link-Interface Ports:
-#-Name----------Speed/Mode-Max-TXD-PAC-PERS-SLOT-IRTT---T2----T3--RET-DA-C-S-M
 1 Port1          1200       2   25 128 160a  25a 530a 240a 18000  20a         
XX0XX de XX0XX (19:51)>PORT 1 PACLEN=128 T3=18000 IPACLEN=128 IRETRY=3 L2TIME=120 L2RETRY=3 L4AUTO=0
Test:XX0XX> Link-Interface Ports:
-#-Name----------Speed/Mode-Max-TXD-PAC-PERS-SLOT-IRTT---T2----T3--RET-DA-C-S-M
 1 Port1          1200       2   25 128 160a  25a 530a 240a 18000  20a         
XX0XX de XX0XX (19:51)>PORT 2 NAME=Port2 IRC    MODE=1200 TXD=25 MAX=2 DAMA= 0 CTEXT=0 SYSOP=0 MH=0 MAXCON=0 EAXMAXF=16 EAXMODE=1 PERS=160a SLOT=25a IRTT=530a T2=240a RETRY=20a
Test:XX0XX> Link-Interface Ports:
-#-Name----------Speed/Mode-Max-TXD-PAC-PERS-SLOT-IRTT---T2----T3--RET-DA-C-S-M
 2 Port2          1200       2   25 128 160a  25a 530a 240a 18000  20a         
XX0XX de XX0XX (19:51)>PORT 2 PACLEN=128 T3=18000 IPACLEN=128 IRETRY=3 L2TIME=120 L2RETRY=3 L4AUTO=0
Test:XX0XX> Link-Interface Ports:
-#-Name----------Speed/Mode-Max-TXD-PAC-PERS-SLOT-IRTT---T2----T3--RET-DA-C-S-M
 2 Port2          1200       2   25 128 160a  25a 530a 240a 18000  20a         
XX0XX de XX0XX (19:51)>PORT 3 NAME=Port3 OFF MODE=1200 TXD=25 MAX=2 DAMA= 0 CTEXT=0 SYSOP=0 MH=0 MAXCON=0 EAXMAXF=16 EAXMODE=1 PERS=160a SLOT=25a IRTT=530a T2=240a RETRY=20a
Test:XX0XX> Link-Interface Ports:
-#-Name----------Speed/Mode-Max-TXD-PAC-PERS-SLOT-IRTT---T2----T3--RET-DA-C-S-M
XX0XX de XX0XX (19:51)>PORT 3 PACLEN=128 T3=18000 IPACLEN=128 IRETRY=3 L2TIME=120 L2RETRY=3 L4AUTO=0
Test:XX0XX> Link-Interface Ports:
-#-Name----------Speed/Mode-Max-TXD-PAC-PERS-SLOT-IRTT---T2----T3--RET-DA-C-S-M
XX0XX de XX0XX (19:51)>PORT 4 NAME=Port4 OFF MODE=1200 TXD=25 MAX=2 DAMA= 0 CTEXT=0 SYSOP=0 MH=0 MAXCON=0 EAXMAXF=16 EAXMODE=1 PERS=160a SLOT=25a IRTT=530a T2=240a RETRY=20a
Test:XX0XX> Link-Interface Ports:
-#-Name----------Speed/Mode-Max-TXD-PAC-PERS-SLOT-IRTT---T2----T3--RET-DA-C-S-M
XX0XX de XX0XX (19:51)>PORT 4 PACLEN=128 T3=18000 IPACLEN=128 IRETRY=3 L2TIME=120 L2RETRY=3 L4AUTO=0
Test:XX0XX> Link-Interface Ports:
-#-Name----------Speed/Mode-Max-TXD-PAC-PERS-SLOT-IRTT---T2----T3--RET-DA-C-S-M
XX0XX de XX0XX (19:51)>PORT 5 NAME=Port5 OFF MODE=1200 TXD=25 MAX=2 DAMA= 0 CTEXT=0 SYSOP=0 MH=0 MAXCON=0 EAXMAXF=16 EAXMODE=1 PERS=160a SLOT=25a IRTT=530a T2=240a RETRY=20a
Test:XX0XX> Link-Interface Ports:
-#-Name----------Speed/Mode-Max-TXD-PAC-PERS-SLOT-IRTT---T2----T3--RET-DA-C-S-M
XX0XX de XX0XX (19:51)>PORT 5 PACLEN=128 T3=18000 IPACLEN=128 IRETRY=3 L2TIME=120 L2RETRY=3 L4AUTO=0
Test:XX0XX> Link-Interface Ports:
-#-Name----------Speed/Mode-Max-TXD-PAC-PERS-SLOT-IRTT---T2----T3--RET-DA-C-S-M
XX0XX de XX0XX (19:51)>PORT 6 NAME=Port6 OFF MODE=1200 TXD=25 MAX=2 DAMA= 0 CTEXT=0 SYSOP=0 MH=0 MAXCON=0 EAXMAXF=16 EAXMODE=1 PERS=160a SLOT=25a IRTT=530a T2=240a RETRY=20a
Test:XX0XX> Link-Interface Ports:
-#-Name----------Speed/Mode-Max-TXD-PAC-PERS-SLOT-IRTT---T2----T3--RET-DA-C-S-M
XX0XX de XX0XX (19:51)>PORT 6 PACLEN=128 T3=18000 IPACLEN=128 IRETRY=3 L2TIME=120 L2RETRY=3 L4AUTO=0
Test:XX0XX> Link-Interface Ports:
-#-Name----------Speed/Mode-Max-TXD-PAC-PERS-SLOT-IRTT---T2----T3--RET-DA-C-S-M
XX0XX de XX0XX (19:51)>PORT 7 NAME=Port7 OFF MODE=1200 TXD=25 MAX=2 DAMA= 0 CTEXT=0 SYSOP=0 MH=0 MAXCON=0 EAXMAXF=16 EAXMODE=1 PERS=160a SLOT=25a IRTT=530a T2=240a RETRY=20a
Test:XX0XX> Link-Interface Ports:
-#-Name----------Speed/Mode-Max-TXD-PAC-PERS-SLOT-IRTT---T2----T3--RET-DA-C-S-M
XX0XX de XX0XX (19:51)>PORT 7 PACLEN=128 T3=18000 IPACLEN=128 IRETRY=3 L2TIME=120 L2RETRY=3 L4AUTO=0
Test:XX0XX> Link-Interface Ports:
-#-Name----------Speed/Mode-Max-TXD-PAC-PERS-SLOT-IRTT---T2----T3--RET-DA-C-S-M
XX0XX de XX0XX (19:51)>PORT 8 NAME=Port8 OFF MODE=1200 TXD=25 MAX=2 DAMA= 0 CTEXT=0 SYSOP=0 MH=0 MAXCON=0 EAXMAXF=16 EAXMODE=1 PERS=160a SLOT=25a IRTT=530a T2=240a RETRY=20a
Test:XX0XX> Link-Interface Ports:
-#-Name----------Speed/Mode-Max-TXD-PAC-PERS-SLOT-IRTT---T2----T3--RET-DA-C-S-M
XX0XX de XX0XX (19:51)>PORT 8 PACLEN=128 T3=18000 IPACLEN=128 IRETRY=3 L2TIME=120 L2RETRY=3 L4AUTO=0
Test:XX0XX> Link-Interface Ports:
-#-Name----------Speed/Mode-Max-TXD-PAC-PERS-SLOT-IRTT---T2----T3--RET-DA-C-S-M
XX0XX de XX0XX (19:51)>PORT 9 NAME=Port9 OFF MODE=1200 TXD=25 MAX=2 DAMA= 0 CTEXT=0 SYSOP=0 MH=0 MAXCON=0 EAXMAXF=16 EAXMODE=1 PERS=160a SLOT=25a IRTT=530a T2=240a RETRY=20a
Test:XX0XX> Link-Interface Ports:
-#-Name----------Speed/Mode-Max-TXD-PAC-PERS-SLOT-IRTT---T2----T3--RET-DA-C-S-M
XX0XX de XX0XX (19:51)>PORT 9 PACLEN=128 T3=18000 IPACLEN=128 IRETRY=3 L2TIME=120 L2RETRY=3 L4AUTO=0
Test:XX0XX> Link-Interface Ports:
-#-Name----------Speed/Mode-Max-TXD-PAC-PERS-SLOT-IRTT---T2----T3--RET-DA-C-S-M
XX0XX de XX0XX (19:51)>PORT 10 NAME=Port10 OFF MODE=1200 TXD=25 MAX=2 DAMA= 0 CTEXT=0 SYSOP=0 MH=0 MAXCON=0 EAXMAXF=16 EAXMODE=1 PERS=160a SLOT=25a IRTT=530a T2=240a RETRY=20a
Test:XX0XX> Link-Interface Ports:
-#-Name----------Speed/Mode-Max-TXD-PAC-PERS-SLOT-IRTT---T2----T3--RET-DA-C-S-M
XX0XX de XX0XX (19:51)>PORT 10 PACLEN=128 T3=18000 IPACLEN=128 IRETRY=3 L2TIME=120 L2RETRY=3 L4AUTO=0
Test:XX0XX> Link-Interface Ports:
-#-Name----------Speed/Mode-Max-TXD-PAC-PERS-SLOT-IRTT---T2----T3--RET-DA-C-S-M
XX0XX de XX0XX (19:51)>PORT 11 NAME=Port11 OFF MODE=1200 TXD=25 MAX=2 DAMA= 0 CTEXT=0 SYSOP=0 MH=0 MAXCON=0 EAXMAXF=16 EAXMODE=1 PERS=160a SLOT=25a IRTT=530a T2=240a RETRY=20a
Test:XX0XX> Link-Interface Ports:
-#-Name----------Speed/Mode-Max-TXD-PAC-PERS-SLOT-IRTT---T2----T3--RET-DA-C-S-M
XX0XX de XX0XX (19:51)>PORT 11 PACLEN=128 T3=18000 IPACLEN=128 IRETRY=3 L2TIME=120 L2RETRY=3 L4AUTO=0
Test:XX0XX> Link-Interface Ports:
-#-Name----------Speed/Mode-Max-TXD-PAC-PERS-SLOT-IRTT---T2----T3--RET-DA-C-S-M
XX0XX de XX0XX (19:51)>PORT 12 NAME=Port12 OFF MODE=1200 TXD=25 MAX=2 DAMA= 0 CTEXT=0 SYSOP=0 MH=0 MAXCON=0 EAXMAXF=16 EAXMODE=1 PERS=160a SLOT=25a IRTT=530a T2=240a RETRY=20a
Test:XX0XX> Link-Interface Ports:
-#-Name----------Speed/Mode-Max-TXD-PAC-PERS-SLOT-IRTT---T2----T3--RET-DA-C-S-M
XX0XX de XX0XX (19:51)>PORT 12 PACLEN=128 T3=18000 IPACLEN=128 IRETRY=3 L2TIME=120 L2RETRY=3 L4AUTO=0
Test:XX0XX> Link-Interface Ports:
-#-Name----------Speed/Mode-Max-TXD-PAC-PERS-SLOT-IRTT---T2----T3--RET-DA-C-S-M
XX0XX de XX0XX (19:51)>PORT 13 NAME=Port13 OFF MODE=1200 TXD=25 MAX=2 DAMA= 0 CTEXT=0 SYSOP=0 MH=0 MAXCON=0 EAXMAXF=16 EAXMODE=1 PERS=160a SLOT=25a IRTT=530a T2=240a RETRY=20a
Test:XX0XX> Link-Interface Ports:
-#-Name----------Speed/Mode-Max-TXD-PAC-PERS-SLOT-IRTT---T2----T3--RET-DA-C-S-M
XX0XX de XX0XX (19:51)>PORT 13 PACLEN=128 T3=18000 IPACLEN=128 IRETRY=3 L2TIME=120 L2RETRY=3 L4AUTO=0
Test:XX0XX> Link-Interface Ports:
-#-Name----------Speed/Mode-Max-TXD-PAC-PERS-SLOT-IRTT---T2----T3--RET-DA-C-S-M
XX0XX de XX0XX (19:51)>PORT 14 NAME=Port14 OFF MODE=1200 TXD=25 MAX=2 DAMA= 0 CTEXT=0 SYSOP=0 MH=0 MAXCON=0 EAXMAXF=16 EAXMODE=1 PERS=160a SLOT=25a IRTT=530a T2=240a RETRY=20a
Test:XX0XX> Link-Interface Ports:
-#-Name----------Speed/Mode-Max-TXD-PAC-PERS-SLOT-IRTT---T2----T3--RET-DA-C-S-M
XX0XX de XX0XX (19:51)>PORT 14 PACLEN=128 T3=18000 IPACLEN=128 IRETRY=3 L2TIME=120 L2RETRY=3 L4AUTO=0
Test:XX0XX> Link-Interface Ports:
-#-Name----------Speed/Mode-Max-TXD-PAC-PERS-SLOT-IRTT---T2----T3--RET-DA-C-S-M
XX0XX de XX0XX (19:51)>PORT 15 NAME=Port15 OFF MODE=1200 TXD=25 MAX=2 DAMA= 0 CTEXT=0 SYSOP=0 MH=0 MAXCON=0 EAXMAXF=16 EAXMODE=1 PERS=160a SLOT=25a IRTT=530a T2=240a RETRY=20a
Test:XX0XX> Link-Interface Ports:
-#-Name----------Speed/Mode-Max-TXD-PAC-PERS-SLOT-IRTT---T2----T3--RET-DA-C-S-M
XX0XX de XX0XX (19:51)>PORT 15 PACLEN=128 T3=18000 IPACLEN=128 IRETRY=3 L2TIME=120 L2RETRY=3 L4AUTO=0
Test:XX0XX> Link-Interface Ports:
-#-Name----------Speed/Mode-Max-TXD-PAC-PERS-SLOT-IRTT---T2----T3--RET-DA-C-S-M
XX0XX de XX0XX (19:51)>BEACON 0 0 0 QST
Test:XX0XX> Beacons:
XX0XX de XX0XX (19:51)>BEACON 1 0 0 QST
Test:XX0XX> Beacons:
XX0XX de XX0XX (19:51)>BEACON 2 0 0 QST
Test:XX0XX> Beacons:
XX0XX de XX0XX (19:51)>BEACON 3 0 0 QST
Test:XX0XX> Beacons:
XX0XX de XX0XX (19:51)>BEACON 4 0 0 QST
Test:XX0XX> Beacons:
XX0XX de XX0XX (19:51)>BEACON 5 0 0 QST
Test:XX0XX> Beacons:
XX0XX de XX0XX (19:51)>BEACON 6 0 0 QST
Test:XX0XX> Beacons:
XX0XX de XX0XX (19:51)>BEACON 7 0 0 QST
Test:XX0XX> Beacons:
XX0XX de XX0XX (19:51)>BEACON 8 0 0 QST
Test:XX0XX> Beacons:
XX0XX de XX0XX (19:51)>BEACON 9 0 0 QST
Test:XX0XX> Beacons:
XX0XX de XX0XX (19:51)>BEACON 10 0 0 QST
Test:XX0XX> Beacons:
XX0XX de XX0XX (19:51)>BEACON 11 0 0 QST
Test:XX0XX> Beacons:
XX0XX de XX0XX (19:51)>BEACON 12 0 0 QST
Test:XX0XX> Beacons:
XX0XX de XX0XX (19:51)>BEACON 13 0 0 QST
Test:XX0XX> Beacons:
XX0XX de XX0XX (19:51)>BEACON 14 0 0 QST
Test:XX0XX> Beacons:
XX0XX de XX0XX (19:51)>BEACON 15 0 0 QST
Test:XX0XX> Beacons:
XX0XX de XX0XX (19:51)>CONV HOSTNAME xx0xx

Convers-Hostname successful changed in xx0xx.

XX0XX de XX0XX (19:51)>PAR NoAckBuf 10
Test:XX0XX> Parms:
1: NoAckBuf = 10 (7...127)
XX0XX de XX0XX (19:51)>PAR L3-MaxTime 0
Test:XX0XX> Parms:
2: L3-MaxTime = 0 (0...60000)
XX0XX de XX0XX (19:51)>PAR SaveConfig 6
Test:XX0XX> Parms:
3: SaveConfig = 6 (0...32767)
XX0XX de XX0XX (19:51)>PAR DAMA-Speedf 0
Test:XX0XX> Parms:
4: DAMA-Speedf = 0 (0...9600)
XX0XX de XX0XX (19:51)>PAR DAMA-MaxPri 15
Test:XX0XX> Parms:
5: DAMA-MaxPri = 15 (0...30)
XX0XX de XX0XX (19:51)>PAR DAMA-MaxPol 0
Test:XX0XX> Parms:
6: DAMA-MaxPol = 0 (0...255)
XX0XX de XX0XX (19:51)>PAR DAMA-Tout 100
Test:XX0XX> Parms:
7: DAMA-Tout = 100 (0...1000)
XX0XX de XX0XX (19:51)>PAR CommandLog 0
Test:XX0XX> Parms:
8: CommandLog = 0 (0...2)
XX0XX de XX0XX (19:51)>PAR SysopLog 1
Test:XX0XX> Parms:
9: SysopLog = 1 (0...1)
XX0XX de XX0XX (19:51)>PAR TestSSID 15
Test:XX0XX> Parms:
10: TestSSID = 15 (0...15)
XX0XX de XX0XX (19:51)>PAR ConvSSID 1
Test:XX0XX> Parms:
11: ConvSSID = 1 (0...15)
XX0XX de XX0XX (19:51)>PAR AutoIPR 3
Test:XX0XX> Parms:
12: AutoIPR = 3 (0...3)
XX0XX de XX0XX (19:51)>PAR Timeout 3600
Test:XX0XX> Parms:
13: Timeout = 3600 (60...54000)
XX0XX de XX0XX (19:51)>PAR MH-Default 1
Test:XX0XX> Parms:
14: MH-Default = 1 (0...1)
XX0XX de XX0XX (19:51)>PAR MH-len 30
Test:XX0XX> Parms:
15: MH-len = 30 (5...100)
XX0XX de XX0XX (19:51)>PAR L3RTT-Show 0
Test:XX0XX> Parms:
16: L3RTT-Show = 0 (0...1)
XX0XX de XX0XX (19:51)>PAR Statusbake 300
Test:XX0XX> Parms:
17: Statusbake = 300 (300...3600)
XX0XX de XX0XX (19:51)>PAR Min-Quality 40
Test:XX0XX> Parms:
18: Min-Quality = 40 (0...255)
XX0XX de XX0XX (19:51)>PAR L3-MaxLT 30
Test:XX0XX> Parms:
19: L3-MaxLT = 30 (5...50)
XX0XX de XX0XX (19:51)>PAR Infocast 60
Test:XX0XX> Parms:
20: Infocast = 60 (6...960)
XX0XX de XX0XX (19:51)>PAR Broadcast 30
Test:XX0XX> Parms:
21: Broadcast = 30 (1...240)
XX0XX de XX0XX (19:51)>PAR Lifetime 30
Test:XX0XX> Parms:
22: Lifetime = 30 (4...127)
XX0XX de XX0XX (19:51)>PAR T-Window 10
Test:XX0XX> Parms:
23: T-Window = 10 (4...127)
XX0XX de XX0XX (19:51)>PAR L4-Bsytim 20
Test:XX0XX> Parms:
24: L4-Bsytim = 20 (1...1000)
XX0XX de XX0XX (19:51)>PAR L4-Retrans 3
Test:XX0XX> Parms:
25: L4-Retrans = 3 (1...1000)
XX0XX de XX0XX (19:51)>PAR L4-Acktim 1
Test:XX0XX> Parms:
26: L4-Acktim = 1 (1...1000)
XX0XX de XX0XX (19:51)>L4PAR Min-Quality 40
Test:XX0XX> L4Parms:
1: Min-Quality = 40 (0...255)
XX0XX de XX0XX (19:51)>L4PAR OBS_Init 60
Test:XX0XX> L4Parms:
2: OBS_Init = 60 (1...255)
XX0XX de XX0XX (19:51)>L4PAR OBS_Min 60
Test:XX0XX> L4Parms:
3: OBS_Min = 60 (1...255)
XX0XX de XX0XX (19:51)>L4PAR Broadcast 30
Test:XX0XX> L4Parms:
4: Broadcast = 30 (1...240)
XX0XX de XX0XX (19:51)>L4PAR L4-Busytim 20
Test:XX0XX> L4Parms:
5: L4-Busytim = 20 (1...1000)
XX0XX de XX0XX (19:51)>L4PAR L4-Timeout 900
Test:XX0XX> L4Parms:
6: L4-Timeout = 900 (60...54000)
XX0XX de XX0XX (19:51)>L4PAR #Alias 0
Test:XX0XX> L4Parms:
7: #Alias = 0 (0...1)
XX0XX de XX0XX (19:51)>IPA 0.0.0.0/0
Test:XX0XX> Invalid IP address!
XX0XX de XX0XX (19:51)>SPEECH Englisch
Test:XX0XX> Sprachauswahl:
Ungueltige Sprache (englisch)!!!
XX0XX de XX0XX (19:51)>TELNET P 23
Test:XX0XX> TCP-Port successfully changed
XX0XX de XX0XX (19:51)>TELNET L 0
Test:XX0XX> Telnet-Server:
My Loglevel: 0
XX0XX de XX0XX (19:51)>HTTPD P 80
Test:XX0XX> TCP-Port successfully changed
XX0XX de XX0XX (19:51)>HTTPD L 3
Test:XX0XX> HTTPD-Server:
My LogLevel is 3
XX0XX de XX0XX (19:51)>IRC P 6667
Test:XX0XX> TCP-Port successfully changed
XX0XX de XX0XX (19:51)>IRC L 3
Test:XX0XX> IRC-Server:
My Loglevel: 3
XX0XX de XX0XX (19:51)>PACSAT C -
Test:XX0XX> ok
XX0XX de XX0XX (19:51)>PACSAT P 1 200
Test:XX0XX> BROADCAST-Parms:
1: Timer = 200 (0...10000)
XX0XX de XX0XX (19:51)>PACSAT P 2 15
Test:XX0XX> BROADCAST-Parms:
2: Frames = 15 (0...20)
XX0XX de XX0XX (19:51)>PACSAT P 3 1000
Test:XX0XX> BROADCAST-Parms:
3: Diskfree = 1000 (0...10000)
XX0XX de XX0XX (19:51)>MYHOST XX0XXX
XX0XX de XX0XX (19:51)>SYSPASS 12345678901234567890123456789012345678901234567890123456789012345678901234567890
Test:XX0XX> Sysop Passwort:

Das Sysop Passwort wurde geaendert!
XX0XX de XX0XX (19:51)>MH = 10
Test:XX0XX> Capacity set to 10 entries.
XX0XX de XX0XX (19:51)>L3MH = 10
Test:XX0XX> Capacity set to 10 entries.
XX0XX de XX0XX (19:51)>PROMPT =%c de %d (%t)>
Test:XX0XX> Prompt: %c de %d (%t)>
XX0XX de XX0XX (19:51)>