
XX0XX de XX0XX (09:55)>ATTACH PORT=11 KTYP=TELNET DEVICE=10023
Port is busy.
Syntax:  ATT PORT=X KTYP=KISSTYPE SPEED=19200 DEVICE=SCHNITTSTELLE
XX0XX de XX0XX (09:55)>ATTACH PORT=12 KTYP=HTTPD DEVICE=18080
Port is busy.
Syntax:  ATT PORT=X KTYP=KISSTYPE SPEED=19200 DEVICE=SCHNITTSTELLE
XX0XX de XX0XX (09:55)>ATTACH PORT=15 KTYP=AX25IP DEVICE=10093
Port is busy.
Syntax:  ATT PORT=X KTYP=KISSTYPE SPEED=19200 DEVICE=SCHNITTSTELLE
XX0XX de XX0XX (09:55)>PORT 0 NAME=Port0 OFF MODE=1200 TXD=25 MAX=2 DAMA= 0 CTEXT=0 SYSOP=0 MH=0 MAXCON=0 EAXMAXF=16 EAXMODE=1 PERS=160a SLOT=25a IRTT=530a T2=240a RETRY=20a L4AUTO=0
Test:XX0XX> Link-Interface Ports:
-#-Name----------Speed/Mode-Max-TXD-DA----------------Hardware--
XX0XX de XX0XX (09:55)>PORT 1 NAME=Port1 OFF MODE=1200 TXD=25 MAX=2 DAMA= 0 CTEXT=0 SYSOP=0 MH=0 MAXCON=0 EAXMAXF=16 EAXMODE=1 PERS=160a SLOT=25a IRTT=530a T2=240a RETRY=20a L4AUTO=0
Test:XX0XX> Link-Interface Ports:
-#-Name----------Speed/Mode-Max-TXD-DA----------------Hardware--
XX0XX de XX0XX (09:55)>PORT 2 NAME=Port2 OFF MODE=1200 TXD=25 MAX=2 DAMA= 0 CTEXT=0 SYSOP=0 MH=0 MAXCON=0 EAXMAXF=16 EAXMODE=1 PERS=160a SLOT=25a IRTT=530a T2=240a RETRY=20a L4AUTO=0
Test:XX0XX> Link-Interface Ports:
-#-Name----------Speed/Mode-Max-TXD-DA----------------Hardware--
XX0XX de XX0XX (09:55)>PORT 3 NAME=Port3 OFF MODE=1200 TXD=25 MAX=2 DAMA= 0 CTEXT=0 SYSOP=0 MH=0 MAXCON=0 EAXMAXF=16 EAXMODE=1 PERS=160a SLOT=25a IRTT=530a T2=240a RETRY=20a L4AUTO=0
Test:XX0XX> Link-Interface Ports:
-#-Name----------Speed/Mode-Max-TXD-DA----------------Hardware--
XX0XX de XX0XX (09:55)>PORT 4 NAME=Port4 OFF MODE=1200 TXD=25 MAX=2 DAMA= 0 CTEXT=0 SYSOP=0 MH=0 MAXCON=0 EAXMAXF=16 EAXMODE=1 PERS=160a SLOT=25a IRTT=530a T2=240a RETRY=20a L4AUTO=0
Test:XX0XX> Link-Interface Ports:
-#-Name----------Speed/Mode-Max-TXD-DA----------------Hardware--
XX0XX de XX0XX (09:55)>PORT 5 NAME=Port5 OFF MODE=1200 TXD=25 MAX=2 DAMA= 0 CTEXT=0 SYSOP=0 MH=0 MAXCON=0 EAXMAXF=16 EAXMODE=1 PERS=160a SLOT=25a IRTT=530a T2=240a RETRY=20a L4AUTO=0
Test:XX0XX> Link-Interface Ports:
-#-Name----------Speed/Mode-Max-TXD-DA----------------Hardware--
XX0XX de XX0XX (09:55)>PORT 6 NAME=Port6 OFF MODE=1200 TXD=25 MAX=2 DAMA= 0 CTEXT=0 SYSOP=0 MH=0 MAXCON=0 EAXMAXF=16 EAXMODE=1 PERS=160a SLOT=25a IRTT=530a T2=240a RETRY=20a L4AUTO=0
Test:XX0XX> Link-Interface Ports:
-#-Name----------Speed/Mode-Max-TXD-DA----------------Hardware--
XX0XX de XX0XX (09:55)>PORT 7 NAME=Port7 OFF MODE=1200 TXD=25 MAX=2 DAMA= 0 CTEXT=0 SYSOP=0 MH=0 MAXCON=0 EAXMAXF=16 EAXMODE=1 PERS=160a SLOT=25a IRTT=530a T2=240a RETRY=20a L4AUTO=0
Test:XX0XX> Link-Interface Ports:
-#-Name----------Speed/Mode-Max-TXD-DA----------------Hardware--
XX0XX de XX0XX (09:55)>PORT 8 NAME=Port8 OFF MODE=1200 TXD=25 MAX=2 DAMA= 0 CTEXT=0 SYSOP=0 MH=0 MAXCON=0 EAXMAXF=16 EAXMODE=1 PERS=160a SLOT=25a IRTT=530a T2=240a RETRY=20a L4AUTO=0
Test:XX0XX> Link-Interface Ports:
-#-Name----------Speed/Mode-Max-TXD-DA----------------Hardware--
XX0XX de XX0XX (09:55)>PORT 9 NAME=Port9 OFF MODE=1200 TXD=25 MAX=2 DAMA= 0 CTEXT=0 SYSOP=0 MH=0 MAXCON=0 EAXMAXF=16 EAXMODE=1 PERS=160a SLOT=25a IRTT=530a T2=240a RETRY=20a L4AUTO=0
Test:XX0XX> Link-Interface Ports:
-#-Name----------Speed/Mode-Max-TXD-DA----------------Hardware--
XX0XX de XX0XX (09:55)>PORT 10 NAME=Port10 OFF MODE=1200 TXD=25 MAX=2 DAMA= 0 CTEXT=0 SYSOP=0 MH=0 MAXCON=0 EAXMAXF=16 EAXMODE=1 PERS=160a SLOT=25a IRTT=530a T2=240a RETRY=20a L4AUTO=0
Test:XX0XX> Link-Interface Ports:
-#-Name----------Speed/Mode-Max-TXD-DA----------------Hardware--
XX0XX de XX0XX (09:55)>PORT 11 NAME=Port11 TELNET MODE=1200 TXD=25 MAX=2 DAMA= 0 CTEXT=0 SYSOP=0 MH=0 MAXCON=0 EAXMAXF=16 EAXMODE=1 PERS=160a SLOT=25a IRTT=530a T2=240a RETRY=20a L4AUTO=0
Test:XX0XX> Link-Interface Ports:
-#-Name----------Speed/Mode-Max-TXD-DA----------------Hardware--
11 Port11         1200       2   25                   TELNET 10023
XX0XX de XX0XX (09:55)>PORT 12 NAME=Port12 HTTPD  MODE=1200 TXD=25 MAX=2 DAMA= 0 CTEXT=0 SYSOP=0 MH=0 MAXCON=0 EAXMAXF=16 EAXMODE=1 PERS=160a SLOT=25a IRTT=530a T2=240a RETRY=20a L4AUTO=0
Test:XX0XX> Link-Interface Ports:
-#-Name----------Speed/Mode-Max-TXD-DA----------------Hardware--
12 Port12         1200       2   25                   HTTPD  18080
XX0XX de XX0XX (09:55)>PORT 13 NAME=Port13 OFF MODE=1200 TXD=25 MAX=2 DAMA= 0 CTEXT=0 SYSOP=0 MH=0 MAXCON=0 EAXMAXF=16 EAXMODE=1 PERS=160a SLOT=25a IRTT=530a T2=240a RETRY=20a L4AUTO=0
Test:XX0XX> Link-Interface Ports:
-#-Name----------Speed/Mode-Max-TXD-DA----------------Hardware--
XX0XX de XX0XX (09:55)>PORT 14 NAME=Port14 OFF MODE=1200 TXD=25 MAX=2 DAMA= 0 CTEXT=0 SYSOP=0 MH=0 MAXCON=0 EAXMAXF=16 EAXMODE=1 PERS=160a SLOT=25a IRTT=530a T2=240a RETRY=20a L4AUTO=0
Test:XX0XX> Link-Interface Ports:
-#-Name----------Speed/Mode-Max-TXD-DA----------------Hardware--
XX0XX de XX0XX (09:55)>PORT 15 NAME=Port15 AX25IP MODE=1200 TXD=25 MAX=2 DAMA= 0 CTEXT=0 SYSOP=0 MH=0 MAXCON=0 EAXMAXF=16 EAXMODE=1 PERS=160a SLOT=25a IRTT=530a T2=240a RETRY=20a L4AUTO=0
Test:XX0XX> Link-Interface Ports:
-#-Name----------Speed/Mode-Max-TXD-DA----------------Hardware--
15 Port15         1200       2   25                   AX25IP 10093
XX0XX de XX0XX (09:55)>BEACON 0 0 0 QST
Test:XX0XX> Beacons:
XX0XX de XX0XX (09:55)>BEACON 1 0 0 QST
Test:XX0XX> Beacons:
XX0XX de XX0XX (09:55)>BEACON 2 0 0 QST
Test:XX0XX> Beacons:
XX0XX de XX0XX (09:55)>BEACON 3 0 0 QST
Test:XX0XX> Beacons:
XX0XX de XX0XX (09:55)>BEACON 4 0 0 QST
Test:XX0XX> Beacons:
XX0XX de XX0XX (09:55)>BEACON 5 0 0 QST
Test:XX0XX> Beacons:
XX0XX de XX0XX (09:55)>BEACON 6 0 0 QST
Test:XX0XX> Beacons:
XX0XX de XX0XX (09:55)>BEACON 7 0 0 QST
Test:XX0XX> Beacons:
XX0XX de XX0XX (09:55)>BEACON 8 0 0 QST
Test:XX0XX> Beacons:
XX0XX de XX0XX (09:55)>BEACON 9 0 0 QST
Test:XX0XX> Beacons:
XX0XX de XX0XX (09:55)>BEACON 10 0 0 QST
Test:XX0XX> Beacons:
XX0XX de XX0XX (09:55)>BEACON 11 0 0 QST
Test:XX0XX> Beacons:
XX0XX de XX0XX (09:55)>BEACON 12 0 0 QST
Test:XX0XX> Beacons:
XX0XX de XX0XX (09:55)>BEACON 13 0 0 QST
Test:XX0XX> Beacons:
XX0XX de XX0XX (09:55)>BEACON 14 0 0 QST
Test:XX0XX> Beacons:
XX0XX de XX0XX (09:55)>BEACON 15 0 0 QST
Test:XX0XX> Beacons:
XX0XX de XX0XX (09:55)>CONV HOSTNAME xx0xx

Convers-Hostname successful changed in xx0xx.

XX0XX de XX0XX (09:55)>PAR NoAckBuf 10
Test:XX0XX> Parms:
1: NoAckBuf = 10 (7...127)
XX0XX de XX0XX (09:55)>PAR L3-MaxTime 0
Test:XX0XX> Parms:
2: L3-MaxTime = 0 (0...60000)
XX0XX de XX0XX (09:55)>PAR SaveConfig 6
Test:XX0XX> Parms:
3: SaveConfig = 6 (0...32767)
XX0XX de XX0XX (09:55)>PAR DAMA-Speedf 0
Test:XX0XX> Parms:
4: DAMA-Speedf = 0 (0...9600)
XX0XX de XX0XX (09:55)>PAR DAMA-MaxPri 15
Test:XX0XX> Parms:
5: DAMA-MaxPri = 15 (0...30)
XX0XX de XX0XX (09:55)>PAR DAMA-MaxPol 0
Test:XX0XX> Parms:
6: DAMA-MaxPol = 0 (0...255)
XX0XX de XX0XX (09:55)>PAR DAMA-Tout 100
Test:XX0XX> Parms:
7: DAMA-Tout = 100 (0...1000)
XX0XX de XX0XX (09:55)>PAR CommandLog 0
Test:XX0XX> Parms:
8: CommandLog = 0 (0...2)
XX0XX de XX0XX (09:55)>PAR SysopLog 1
Test:XX0XX> Parms:
9: SysopLog = 1 (0...1)
XX0XX de XX0XX (09:55)>PAR TestSSID 15
Test:XX0XX> Parms:
10: TestSSID = 15 (0...15)
XX0XX de XX0XX (09:55)>PAR ConvSSID 1
Test:XX0XX> Parms:
11: ConvSSID = 1 (0...15)
XX0XX de XX0XX (09:55)>PAR AutoIPR 3
Test:XX0XX> Parms:
12: AutoIPR = 3 (0...3)
XX0XX de XX0XX (09:55)>PAR Timeout 3600
Test:XX0XX> Parms:
13: Timeout = 3600 (60...54000)
XX0XX de XX0XX (09:55)>PAR MH-Default 1
Test:XX0XX> Parms:
14: MH-Default = 1 (0...1)
XX0XX de XX0XX (09:55)>PAR MH-len 30
Test:XX0XX> Parms:
15: MH-len = 30 (5...100)
XX0XX de XX0XX (09:55)>PAR L3RTT-Show 0
Test:XX0XX> Parms:
16: L3RTT-Show = 0 (0...1)
XX0XX de XX0XX (09:55)>PAR Statusbake 300
Test:XX0XX> Parms:
17: Statusbake = 300 (300...3600)
XX0XX de XX0XX (09:55)>PAR Min-Quality 40
Test:XX0XX> Parms:
18: Min-Quality = 40 (0...255)
XX0XX de XX0XX (09:55)>PAR L3-MaxLT 30
Test:XX0XX> Parms:
19: L3-MaxLT = 30 (5...50)
XX0XX de XX0XX (09:55)>PAR Infocast 60
Test:XX0XX> Parms:
20: Infocast = 60 (6...960)
XX0XX de XX0XX (09:55)>PAR Broadcast 30
Test:XX0XX> Parms:
21: Broadcast = 30 (1...240)
XX0XX de XX0XX (09:55)>PAR Lifetime 30
Test:XX0XX> Parms:
22: Lifetime = 30 (4...127)
XX0XX de XX0XX (09:55)>PAR T-Window 10
Test:XX0XX> Parms:
23: T-Window = 10 (4...127)
XX0XX de XX0XX (09:55)>PAR Paclen 236
Test:XX0XX> Parms:
24: Paclen = 236 (36...256)
XX0XX de XX0XX (09:55)>PAR L4-Bsytim 20
Test:XX0XX> Parms:
25: L4-Bsytim = 20 (1...1000)
XX0XX de XX0XX (09:55)>PAR L4-Retrans 3
Test:XX0XX> Parms:
26: L4-Retrans = 3 (1...1000)
XX0XX de XX0XX (09:55)>PAR L4-Acktim 1
Test:XX0XX> Parms:
27: L4-Acktim = 1 (1...1000)
XX0XX de XX0XX (09:55)>L4PAR Min-Quality 40
Test:XX0XX> L4Parms:
1: Min-Quality = 40 (0...255)
XX0XX de XX0XX (09:55)>L4PAR OBS_Init 60
Test:XX0XX> L4Parms:
2: OBS_Init = 60 (1...255)
XX0XX de XX0XX (09:55)>L4PAR OBS_Min 60
Test:XX0XX> L4Parms:
3: OBS_Min = 60 (1...255)
XX0XX de XX0XX (09:55)>L4PAR Broadcast 30
Test:XX0XX> L4Parms:
4: Broadcast = 30 (1...240)
XX0XX de XX0XX (09:55)>L4PAR L4-Busytim 20
Test:XX0XX> L4Parms:
5: L4-Busytim = 20 (1...1000)
XX0XX de XX0XX (09:55)>L4PAR L4-Timeout 900
Test:XX0XX> L4Parms:
6: L4-Timeout = 900 (60...54000)
XX0XX de XX0XX (09:55)>L4PAR #Alias 0
Test:XX0XX> L4Parms:
7: #Alias = 0 (0...1)
XX0XX de XX0XX (09:55)>IPA 0.0.0.0/0
Test:XX0XX> Invalid IP address!
XX0XX de XX0XX (09:55)>AXIPR U 10093
XX0XX de XX0XX (09:55)>AXIPR T 3600
XX0XX de XX0XX (09:55)>AXIPR L 2
XX0XX de XX0XX (09:55)>AXIPR H 0
XX0XX de XX0XX (09:55)>AXIPR R + DB0LUH 44.225.65.146 U 10093
XX0XX de XX0XX (09:55)>SPEECH Englisch
Test:XX0XX> Sprachauswahl:
Ungueltige Sprache (englisch)!!!
XX0XX de XX0XX (09:55)>TELNET P 10023
Test:XX0XX> TCP-Port successfully changed
XX0XX de XX0XX (09:55)>TELNET L 0
Test:XX0XX> Telnet-Server:
My Loglevel: 0
XX0XX de XX0XX (09:55)>HTTPD P 18080
Test:XX0XX> TCP-Port successfully changed
XX0XX de XX0XX (09:55)>HTTPD L 0
Test:XX0XX> HTTPD-Server:
My LogLevel is 0
XX0XX de XX0XX (09:55)>PACSAT C -
Test:XX0XX> ok
XX0XX de XX0XX (09:55)>PACSAT P 1 200
Test:XX0XX> BROADCAST-Parms:
1: Timer = 200 (0...10000)
XX0XX de XX0XX (09:55)>PACSAT P 2 15
Test:XX0XX> BROADCAST-Parms:
2: Frames = 15 (0...20)
XX0XX de XX0XX (09:55)>PACSAT P 3 1000
Test:XX0XX> BROADCAST-Parms:
3: Diskfree = 1000 (0...10000)
XX0XX de XX0XX (09:55)>SYSPASS 12345678901234567890123456789012345678901234567890123456789012345678901234567890
Test:XX0XX> Sysop Passwort:

Das Sysop Passwort wurde geaendert!
XX0XX de XX0XX (09:55)>MH = 10
Test:XX0XX> Capacity set to 10 entries.
XX0XX de XX0XX (09:55)>L3MH = 10
Test:XX0XX> Capacity set to 10 entries.
XX0XX de XX0XX (09:55)>PROMPT =%c de %d (%t)>
Test:XX0XX> Prompt: %c de %d (%t)>
XX0XX de XX0XX (09:55)>